2019-04-23 12:20:07,005 INFO 1272 [egg:logger] init all loggers with options: {"dir":"E:\\project-code\\self-project\\blog\\blog-server\\logs\\blog-server","encoding":"utf8","env":"local","level":"INFO","consoleLevel":"INFO","disableConsoleAfterReady":false,"outputJSON":false,"buffer":true,"appLogName":"blog-server-web.log","coreLogName":"egg-web.log","agentLogName":"egg-agent.log","errorLogName":"common-error.log","coreLogger":{"consoleLevel":"WARN"},"allowDebugAtProd":false,"type":"application"}
2019-04-23 12:20:07,039 INFO 1272 [egg-multipart] stream mode enable
2019-04-23 12:20:07,102 INFO 1272 [egg-static] starting static serve /public/ -> E:\project-code\self-project\blog\blog-server\app\public
2019-04-23 12:20:07,105 INFO 1272 [egg-security] use csrf middleware
2019-04-23 12:20:07,106 INFO 1272 [egg-security] use methodnoallow middleware
2019-04-23 12:20:07,107 INFO 1272 [egg-security] use noopen middleware
2019-04-23 12:20:07,108 INFO 1272 [egg-security] use nosniff middleware
2019-04-23 12:20:07,108 INFO 1272 [egg-security] use xssProtection middleware
2019-04-23 12:20:07,109 INFO 1272 [egg-security] use xframe middleware
2019-04-23 12:20:07,109 INFO 1272 [egg-security] use dta middleware
2019-04-23 12:20:07,109 INFO 1272 [egg-security] compose 7 middlewares into one security middleware
2019-04-23 12:20:07,121 INFO 1272 [egg:core] dump config after load, 7ms
2019-04-23 12:20:07,135 INFO 1272 [egg-watcher:application] watcher start success
2019-04-23 12:20:07,141 INFO 1272 [egg:core] dump config after ready, 4ms
2019-04-23 12:20:31,192 INFO 9588 [egg:logger] init all loggers with options: {"dir":"E:\\project-code\\self-project\\blog\\blog-server\\logs\\blog-server","encoding":"utf8","env":"local","level":"INFO","consoleLevel":"INFO","disableConsoleAfterReady":false,"outputJSON":false,"buffer":true,"appLogName":"blog-server-web.log","coreLogName":"egg-web.log","agentLogName":"egg-agent.log","errorLogName":"common-error.log","coreLogger":{"consoleLevel":"WARN"},"allowDebugAtProd":false,"type":"application"}
2019-04-23 12:20:31,227 INFO 9588 [egg-multipart] stream mode enable
2019-04-23 12:20:31,282 INFO 9588 [egg-static] starting static serve /public/ -> E:\project-code\self-project\blog\blog-server\app\public
2019-04-23 12:20:31,285 INFO 9588 [egg-security] use csrf middleware
2019-04-23 12:20:31,287 INFO 9588 [egg-security] use methodnoallow middleware
2019-04-23 12:20:31,288 INFO 9588 [egg-security] use noopen middleware
2019-04-23 12:20:31,288 INFO 9588 [egg-security] use nosniff middleware
2019-04-23 12:20:31,289 INFO 9588 [egg-security] use xssProtection middleware
2019-04-23 12:20:31,289 INFO 9588 [egg-security] use xframe middleware
2019-04-23 12:20:31,289 INFO 9588 [egg-security] use dta middleware
2019-04-23 12:20:31,289 INFO 9588 [egg-security] compose 7 middlewares into one security middleware
2019-04-23 12:20:31,298 INFO 9588 [egg:core] dump config after load, 5ms
2019-04-23 12:20:31,307 INFO 9588 [egg-watcher:application] watcher start success
2019-04-23 12:20:31,313 INFO 9588 [egg:core] dump config after ready, 4ms
2019-04-23 13:20:36,099 INFO 8616 [egg:logger] init all loggers with options: {"dir":"E:\\project-code\\self-project\\blog\\blog-server\\logs\\blog-server","encoding":"utf8","env":"local","level":"INFO","consoleLevel":"INFO","disableConsoleAfterReady":false,"outputJSON":false,"buffer":true,"appLogName":"blog-server-web.log","coreLogName":"egg-web.log","agentLogName":"egg-agent.log","errorLogName":"common-error.log","coreLogger":{"consoleLevel":"WARN"},"allowDebugAtProd":false,"type":"application"}
2019-04-23 13:20:36,133 INFO 8616 [egg-multipart] stream mode enable
2019-04-23 13:20:36,188 INFO 8616 [egg-static] starting static serve /public/ -> E:\project-code\self-project\blog\blog-server\app\public
2019-04-23 13:20:36,191 INFO 8616 [egg-security] use csrf middleware
2019-04-23 13:20:36,192 INFO 8616 [egg-security] use methodnoallow middleware
2019-04-23 13:20:36,193 INFO 8616 [egg-security] use noopen middleware
2019-04-23 13:20:36,193 INFO 8616 [egg-security] use nosniff middleware
2019-04-23 13:20:36,194 INFO 8616 [egg-security] use xssProtection middleware
2019-04-23 13:20:36,194 INFO 8616 [egg-security] use xframe middleware
2019-04-23 13:20:36,195 INFO 8616 [egg-security] use dta middleware
2019-04-23 13:20:36,195 INFO 8616 [egg-security] compose 7 middlewares into one security middleware
2019-04-23 13:20:36,203 INFO 8616 [egg:core] dump config after load, 5ms
2019-04-23 13:20:36,213 INFO 8616 [egg-watcher:application] watcher start success
2019-04-23 13:20:36,219 INFO 8616 [egg:core] dump config after ready, 4ms
2019-04-23 14:47:46,517 INFO 3104 [egg:logger] init all loggers with options: {"dir":"E:\\project-code\\self-project\\blog\\blog-server\\logs\\blog-server","encoding":"utf8","env":"local","level":"INFO","consoleLevel":"INFO","disableConsoleAfterReady":false,"outputJSON":false,"buffer":true,"appLogName":"blog-server-web.log","coreLogName":"egg-web.log","agentLogName":"egg-agent.log","errorLogName":"common-error.log","coreLogger":{"consoleLevel":"WARN"},"allowDebugAtProd":false,"type":"application"}
2019-04-23 14:47:46,553 INFO 3104 [egg-multipart] stream mode enable
2019-04-23 14:47:46,925 INFO 3104 [egg-static] starting static serve /public/ -> E:\project-code\self-project\blog\blog-server\app\public
2019-04-23 14:47:46,928 INFO 3104 [egg-security] use csrf middleware
2019-04-23 14:47:46,931 INFO 3104 [egg-security] use methodnoallow middleware
2019-04-23 14:47:46,932 INFO 3104 [egg-security] use noopen middleware
2019-04-23 14:47:46,933 INFO 3104 [egg-security] use nosniff middleware
2019-04-23 14:47:46,933 INFO 3104 [egg-security] use xssProtection middleware
2019-04-23 14:47:46,933 INFO 3104 [egg-security] use xframe middleware
2019-04-23 14:47:46,934 INFO 3104 [egg-security] use dta middleware
2019-04-23 14:47:46,934 INFO 3104 [egg-security] compose 7 middlewares into one security middleware
2019-04-23 14:47:46,943 INFO 3104 [egg:core] dump config after load, 5ms
2019-04-23 14:47:46,955 INFO 3104 [egg-watcher:application] watcher start success
2019-04-23 14:47:46,962 INFO 3104 [egg:core] dump config after ready, 4ms
2019-04-23 15:30:31,336 INFO 2512 [egg:logger] init all loggers with options: {"dir":"E:\\project-code\\self-project\\blog\\blog-server\\logs\\blog-server","encoding":"utf8","env":"local","level":"INFO","consoleLevel":"INFO","disableConsoleAfterReady":false,"outputJSON":false,"buffer":true,"appLogName":"blog-server-web.log","coreLogName":"egg-web.log","agentLogName":"egg-agent.log","errorLogName":"common-error.log","coreLogger":{"consoleLevel":"WARN"},"allowDebugAtProd":false,"type":"application"}
2019-04-23 15:30:31,372 INFO 2512 [egg-multipart] stream mode enable
2019-04-23 15:30:31,755 INFO 2512 [egg-mongoose] connecting mongodb://127.0.0.1/blog
2019-04-23 15:30:31,823 INFO 2512 [egg-static] starting static serve /public/ -> E:\project-code\self-project\blog\blog-server\app\public
2019-04-23 15:30:31,826 INFO 2512 [egg-security] use csrf middleware
2019-04-23 15:30:31,827 INFO 2512 [egg-security] use methodnoallow middleware
2019-04-23 15:30:31,827 INFO 2512 [egg-security] use noopen middleware
2019-04-23 15:30:31,828 INFO 2512 [egg-security] use nosniff middleware
2019-04-23 15:30:31,829 INFO 2512 [egg-security] use xssProtection middleware
2019-04-23 15:30:31,829 INFO 2512 [egg-security] use xframe middleware
2019-04-23 15:30:31,829 INFO 2512 [egg-security] use dta middleware
2019-04-23 15:30:31,829 INFO 2512 [egg-security] compose 7 middlewares into one security middleware
2019-04-23 15:30:31,840 INFO 2512 [egg:core] dump config after load, 7ms
2019-04-23 15:30:31,842 INFO 2512 [egg-mongoose] starting...
2019-04-23 15:30:31,886 INFO 2512 [egg-watcher:application] watcher start success
2019-04-23 15:30:31,890 INFO 2512 [egg-mongoose] mongodb://127.0.0.1/blog connected successfully
2019-04-23 15:30:31,891 INFO 2512 [egg-mongoose] instance[0] start successfully
2019-04-23 15:30:31,897 INFO 2512 [egg:core] dump config after ready, 4ms
2019-04-23 15:40:00,277 INFO 7592 [egg:logger] init all loggers with options: {"dir":"E:\\project-code\\self-project\\blog\\blog-server\\logs\\blog-server","encoding":"utf8","env":"local","level":"INFO","consoleLevel":"INFO","disableConsoleAfterReady":false,"outputJSON":false,"buffer":true,"appLogName":"blog-server-web.log","coreLogName":"egg-web.log","agentLogName":"egg-agent.log","errorLogName":"common-error.log","coreLogger":{"consoleLevel":"WARN"},"allowDebugAtProd":false,"type":"application"}
2019-04-23 15:40:00,318 INFO 7592 [egg-multipart] stream mode enable
2019-04-23 15:40:00,681 INFO 7592 [egg-mongoose] connecting mongodb://127.0.0.1/blog
2019-04-23 15:40:00,773 INFO 7592 [egg-static] starting static serve /public/ -> E:\project-code\self-project\blog\blog-server\app\public
2019-04-23 15:40:00,775 INFO 7592 [egg-security] use csrf middleware
2019-04-23 15:40:00,777 INFO 7592 [egg-security] use methodnoallow middleware
2019-04-23 15:40:00,778 INFO 7592 [egg-security] use noopen middleware
2019-04-23 15:40:00,779 INFO 7592 [egg-security] use nosniff middleware
2019-04-23 15:40:00,780 INFO 7592 [egg-security] use xssProtection middleware
2019-04-23 15:40:00,780 INFO 7592 [egg-security] use xframe middleware
2019-04-23 15:40:00,781 INFO 7592 [egg-security] use dta middleware
2019-04-23 15:40:00,781 INFO 7592 [egg-security] compose 7 middlewares into one security middleware
2019-04-23 15:40:00,792 INFO 7592 [egg:core] dump config after load, 7ms
2019-04-23 15:40:00,795 INFO 7592 [egg-mongoose] starting...
2019-04-23 15:40:00,828 INFO 7592 [egg-mongoose] mongodb://127.0.0.1/blog connected successfully
2019-04-23 15:40:00,829 INFO 7592 [egg-mongoose] instance[0] start successfully
2019-04-23 15:40:00,835 INFO 7592 [egg-watcher:application] watcher start success
2019-04-23 15:40:00,845 INFO 7592 [egg:core] dump config after ready, 7ms
2019-04-23 15:40:02,343 INFO 3748 [egg:logger] init all loggers with options: {"dir":"E:\\project-code\\self-project\\blog\\blog-server\\logs\\blog-server","encoding":"utf8","env":"local","level":"INFO","consoleLevel":"INFO","disableConsoleAfterReady":false,"outputJSON":false,"buffer":true,"appLogName":"blog-server-web.log","coreLogName":"egg-web.log","agentLogName":"egg-agent.log","errorLogName":"common-error.log","coreLogger":{"consoleLevel":"WARN"},"allowDebugAtProd":false,"type":"application"}
2019-04-23 15:40:02,378 INFO 3748 [egg-multipart] stream mode enable
2019-04-23 15:40:02,688 INFO 3748 [egg-mongoose] connecting mongodb://127.0.0.1/blog
2019-04-23 15:40:02,751 INFO 3748 [egg-static] starting static serve /public/ -> E:\project-code\self-project\blog\blog-server\app\public
2019-04-23 15:40:02,754 INFO 3748 [egg-security] use csrf middleware
2019-04-23 15:40:02,755 INFO 3748 [egg-security] use methodnoallow middleware
2019-04-23 15:40:02,756 INFO 3748 [egg-security] use noopen middleware
2019-04-23 15:40:02,757 INFO 3748 [egg-security] use nosniff middleware
2019-04-23 15:40:02,757 INFO 3748 [egg-security] use xssProtection middleware
2019-04-23 15:40:02,757 INFO 3748 [egg-security] use xframe middleware
2019-04-23 15:40:02,758 INFO 3748 [egg-security] use dta middleware
2019-04-23 15:40:02,758 INFO 3748 [egg-security] compose 7 middlewares into one security middleware
2019-04-23 15:40:02,767 INFO 3748 [egg:core] dump config after load, 5ms
2019-04-23 15:40:02,770 INFO 3748 [egg-mongoose] starting...
2019-04-23 15:40:02,805 INFO 3748 [egg-mongoose] mongodb://127.0.0.1/blog connected successfully
2019-04-23 15:40:02,806 INFO 3748 [egg-mongoose] instance[0] start successfully
2019-04-23 15:40:02,810 INFO 3748 [egg-watcher:application] watcher start success
2019-04-23 15:40:02,818 INFO 3748 [egg:core] dump config after ready, 4ms
2019-04-23 15:41:15,271 INFO 10512 [egg:logger] init all loggers with options: {"dir":"E:\\project-code\\self-project\\blog\\blog-server\\logs\\blog-server","encoding":"utf8","env":"local","level":"INFO","consoleLevel":"INFO","disableConsoleAfterReady":false,"outputJSON":false,"buffer":true,"appLogName":"blog-server-web.log","coreLogName":"egg-web.log","agentLogName":"egg-agent.log","errorLogName":"common-error.log","coreLogger":{"consoleLevel":"WARN"},"allowDebugAtProd":false,"type":"application"}
2019-04-23 15:41:15,309 INFO 10512 [egg-multipart] stream mode enable
2019-04-23 15:41:15,652 INFO 10512 [egg-mongoose] connecting mongodb://127.0.0.1/blog
2019-04-23 15:41:15,719 INFO 10512 [egg-static] starting static serve /public/ -> E:\project-code\self-project\blog\blog-server\app\public
2019-04-23 15:41:15,722 INFO 10512 [egg-security] use csrf middleware
2019-04-23 15:41:15,723 INFO 10512 [egg-security] use methodnoallow middleware
2019-04-23 15:41:15,724 INFO 10512 [egg-security] use noopen middleware
2019-04-23 15:41:15,725 INFO 10512 [egg-security] use nosniff middleware
2019-04-23 15:41:15,725 INFO 10512 [egg-security] use xssProtection middleware
2019-04-23 15:41:15,726 INFO 10512 [egg-security] use xframe middleware
2019-04-23 15:41:15,726 INFO 10512 [egg-security] use dta middleware
2019-04-23 15:41:15,726 INFO 10512 [egg-security] compose 7 middlewares into one security middleware
2019-04-23 15:41:15,735 INFO 10512 [egg:core] dump config after load, 5ms
2019-04-23 15:41:15,738 INFO 10512 [egg-mongoose] starting...
2019-04-23 15:41:15,769 INFO 10512 [egg-watcher:application] watcher start success
2019-04-23 15:41:15,785 INFO 10512 [egg-mongoose] mongodb://127.0.0.1/blog connected successfully
2019-04-23 15:41:15,786 INFO 10512 [egg-mongoose] instance[0] start successfully
2019-04-23 15:41:15,792 INFO 10512 [egg:core] dump config after ready, 5ms
2019-04-23 15:41:17,614 INFO 8340 [egg:logger] init all loggers with options: {"dir":"E:\\project-code\\self-project\\blog\\blog-server\\logs\\blog-server","encoding":"utf8","env":"local","level":"INFO","consoleLevel":"INFO","disableConsoleAfterReady":false,"outputJSON":false,"buffer":true,"appLogName":"blog-server-web.log","coreLogName":"egg-web.log","agentLogName":"egg-agent.log","errorLogName":"common-error.log","coreLogger":{"consoleLevel":"WARN"},"allowDebugAtProd":false,"type":"application"}
2019-04-23 15:41:17,650 INFO 8340 [egg-multipart] stream mode enable
2019-04-23 15:41:18,009 INFO 8340 [egg-mongoose] connecting mongodb://127.0.0.1/blog
2019-04-23 15:41:18,074 INFO 8340 [egg-static] starting static serve /public/ -> E:\project-code\self-project\blog\blog-server\app\public
2019-04-23 15:41:18,079 INFO 8340 [egg-security] use csrf middleware
2019-04-23 15:41:18,080 INFO 8340 [egg-security] use methodnoallow middleware
2019-04-23 15:41:18,081 INFO 8340 [egg-security] use noopen middleware
2019-04-23 15:41:18,082 INFO 8340 [egg-security] use nosniff middleware
2019-04-23 15:41:18,082 INFO 8340 [egg-security] use xssProtection middleware
2019-04-23 15:41:18,083 INFO 8340 [egg-security] use xframe middleware
2019-04-23 15:41:18,083 INFO 8340 [egg-security] use dta middleware
2019-04-23 15:41:18,083 INFO 8340 [egg-security] compose 7 middlewares into one security middleware
2019-04-23 15:41:18,096 INFO 8340 [egg:core] dump config after load, 9ms
2019-04-23 15:41:18,099 INFO 8340 [egg-mongoose] starting...
2019-04-23 15:41:18,139 INFO 8340 [egg-mongoose] mongodb://127.0.0.1/blog connected successfully
2019-04-23 15:41:18,140 INFO 8340 [egg-mongoose] instance[0] start successfully
2019-04-23 15:41:18,143 INFO 8340 [egg-watcher:application] watcher start success
2019-04-23 15:41:18,151 INFO 8340 [egg:core] dump config after ready, 5ms
